<?xml version="1.0" encoding="UTF-8"?>
<testng-results skipped="0" failed="0" total="1" passed="1">
  <reporter-output>
  </reporter-output>
  <suite name="Default suite" duration-ms="38189" started-at="2019-10-29T17:21:58Z" finished-at="2019-10-29T17:22:36Z">
    <groups>
    </groups>
    <test name="Default test" duration-ms="38189" started-at="2019-10-29T17:21:58Z" finished-at="2019-10-29T17:22:36Z">
      <class name="com.training.sanity.tests.RTTC_006">
        <test-method status="PASS" signature="beforeClass()[pri:0, instance:com.training.sanity.tests.RTTC_006@ea4a92b]" name="beforeClass" is-config="true" duration-ms="32" started-at="2019-10-29T22:51:58Z" finished-at="2019-10-29T22:51:58Z">
          <reporter-output>
          </reporter-output>
        </test-method> <!-- beforeClass -->
        <test-method status="PASS" signature="beforeMethod()[pri:0, instance:com.training.sanity.tests.RTTC_006@ea4a92b]" name="beforeMethod" is-config="true" duration-ms="24462" started-at="2019-10-29T22:51:58Z" finished-at="2019-10-29T22:52:22Z">
          <reporter-output>
          </reporter-output>
        </test-method> <!-- beforeMethod -->
        <test-method status="PASS" signature="Test06()[pri:0, instance:com.training.sanity.tests.RTTC_006@ea4a92b]" name="Test06" duration-ms="13319" started-at="2019-10-29T22:52:22Z" finished-at="2019-10-29T22:52:35Z">
          <reporter-output>
          </reporter-output>
        </test-method> <!-- Test06 -->
        <test-method status="PASS" signature="afterMethod()[pri:0, instance:com.training.sanity.tests.RTTC_006@ea4a92b]" name="afterMethod" is-config="true" duration-ms="325" started-at="2019-10-29T22:52:35Z" finished-at="2019-10-29T22:52:36Z">
          <reporter-output>
          </reporter-output>
        </test-method> <!-- afterMethod -->
      </class> <!-- com.training.sanity.tests.RTTC_006 -->
    </test> <!-- Default test -->
  </suite> <!-- Default suite -->
</testng-results>
