<?xml version="1.0" encoding="UTF-8"?>
<testng-results skipped="0" failed="0" total="1" passed="1">
  <reporter-output>
  </reporter-output>
  <suite name="Default suite" duration-ms="31979" started-at="2019-10-23T17:11:33Z" finished-at="2019-10-23T17:12:05Z">
    <groups>
    </groups>
    <test name="Default test" duration-ms="31979" started-at="2019-10-23T17:11:33Z" finished-at="2019-10-23T17:12:05Z">
      <class name="com.training.sanity.tests.RTTC_006">
        <test-method status="PASS" signature="beforeClass()[pri:0, instance:com.training.sanity.tests.RTTC_006@ea4a92b]" name="beforeClass" is-config="true" duration-ms="13" started-at="2019-10-23T22:41:33Z" finished-at="2019-10-23T22:41:33Z">
          <reporter-output>
          </reporter-output>
        </test-method> <!-- beforeClass -->
        <test-method status="PASS" signature="beforeMethod()[pri:0, instance:com.training.sanity.tests.RTTC_006@ea4a92b]" name="beforeMethod" is-config="true" duration-ms="25575" started-at="2019-10-23T22:41:33Z" finished-at="2019-10-23T22:41:59Z">
          <reporter-output>
          </reporter-output>
        </test-method> <!-- beforeMethod -->
        <test-method status="PASS" signature="Test06()[pri:0, instance:com.training.sanity.tests.RTTC_006@ea4a92b]" name="Test06" duration-ms="6104" started-at="2019-10-23T22:41:59Z" finished-at="2019-10-23T22:42:05Z">
          <reporter-output>
          </reporter-output>
        </test-method> <!-- Test06 -->
        <test-method status="PASS" signature="afterMethod()[pri:0, instance:com.training.sanity.tests.RTTC_006@ea4a92b]" name="afterMethod" is-config="true" duration-ms="271" started-at="2019-10-23T22:42:05Z" finished-at="2019-10-23T22:42:05Z">
          <reporter-output>
          </reporter-output>
        </test-method> <!-- afterMethod -->
      </class> <!-- com.training.sanity.tests.RTTC_006 -->
    </test> <!-- Default test -->
  </suite> <!-- Default suite -->
</testng-results>
